========================================
Building KBS Project
========================================

Target: KBSEditor
Configuration: Development
Platform: Win64

Using bundled DotNet SDK version: 8.0.300 win-x64
Running UnrealBuildTool: dotnet "..\..\Engine\Binaries\DotNET\UnrealBuildTool\UnrealBuildTool.dll" KBSEditor Win64 Development -Project="E:\Projects\unreal_projects\KBS\KBS.uproject" -WaitMutex -FromMsBuild
Log file: C:\Users\ankel\AppData\Local\UnrealBuildTool\Log.txt
Using 'git status' to determine working set for adaptive non-unity build (E:\Projects\unreal_projects\KBS).
Building KBSEditor...
Using Visual Studio 2022 14.38.33145 toolchain (E:\Program Files\Visual Studio\VC\Tools\MSVC\14.38.33130) and Windows 10.0.22621.0 SDK (C:\Program Files (x86)\Windows Kits\10).
[Adaptive Build] Excluded from KBS unity file: DamageCalculator.cpp, TacBattleGrid.cpp, GridDataManager.cpp, GridMovementComponent.cpp, GridTargetingComponent.cpp, TurnManagerComponent.cpp, LargeUnit.cpp, Unit.cpp, UnitDisplayData.cpp, UnitDefendAbility.cpp, UnitMovementAbility.cpp, GridCoordinates.cpp
Determining max actions to execute in parallel (12 physical cores, 24 logical cores)
  Executing up to 12 processes, one per physical core
Using Unreal Build Accelerator local executor to run 4 action(s)
  Storage capacity 40Gb
---- Starting trace: 251228_160933 ----
UbaSessionServer - Disable remote execution (remote sessions will finish current processes)
------ Building 4 action(s) started ------
[1/4] Compile [x64] LargeUnitTest.cpp
[2/4] Link [x64] UnrealEditor-KBSTests.lib
UbaSessionServer - ERROR opening file E:\Projects\unreal_projects\KBS\Binaries\Win64\UnrealEditor-KBSTests.dll for write after retrying for 20 seconds (The process cannot access the file because it is being used by another process. - E:\lib\epic\ue\UE_5.6\Engine\Binaries\Win64\UnrealEditor-Cmd.exe)
Link [x64] UnrealEditor-KBSTests.dll: Exited with error code 9001. This action will retry without UBA
[3/4] Link [x64] UnrealEditor-KBSTests.dll (UBA disabled)
LINK : fatal error LNK1104: ?? ??????? ??????? ???? "E:\Projects\unreal_projects\KBS\Binaries\Win64\UnrealEditor-KBSTests.dll"
Trace written to file C:/Users/ankel/AppData/Local/UnrealBuildTool/Log.uba with size 5.0kb
Total time in Unreal Build Accelerator local executor: 22.51 seconds

Result: Failed (OtherCompilationError)
Total execution time: 22.90 seconds
